2026-01-07 11:24:26 info: Congratulations, your extension "Embold" is now active!
2026-01-07 11:24:26 info: ************* init ****************
2026-01-07 11:24:26 info: tempDirectory : /home/jarvis/.vscode/extensions/embold-vscode.embold-0.3.4/temp
2026-01-07 11:24:35 info: Extraction complete for source: /home/jarvis/.vscode/extensions/embold-vscode.embold-0.3.4/resources/embold-scanner-archive.zip, destination: /home/jarvis/.vscode/extensions/embold-vscode.embold-0.3.4/temp
2026-01-07 11:24:35 info: Extension installed on machine OS : linux
2026-01-07 11:24:35 info: Loading issues from local database on startup (checkbox unchecked)
2026-01-07 11:24:35 info: Using emboldDBDir: /home/jarvis/Desktop/mywebsite/.embold
2026-01-07 11:24:35 error: ERROR checking java version : Error: Command failed: java -version
/bin/sh: 1: java: not found

2026-01-07 11:24:35 info: Java version installed on machine : 
/bin/sh: 1: java: not found

2026-01-07 11:24:35 info: Java installed on machine.
2026-01-07 11:24:35 info: [STARTUP] Processing 0 total issues from database
2026-01-07 11:24:35 info: [STARTUP] Issues sorted by file path
2026-01-07 11:24:35 info: [STARTUP] Complete - Processed: 0, Skipped: 0
2026-01-07 11:24:35 info: Fetched the issues from DB
2026-01-07 11:24:36 info: Embold extension version response:{"hasSupport":false,"version":"0.2.1","changeNotes":"<div> <p>Release Date: 30 Apr, 2025 <br><span>Bug fixes and improvements.</span></p> </div>"}
2026-01-07 11:24:36 info: Current installed embold extension version : 0.3.4
2026-01-07 11:24:36 info: Latest embold extension version on marketplace : 0.2.1
2026-01-07 11:24:36 info: Current extension version: 0.3.4
2026-01-07 11:24:36 info: Stored extension version: 0.3.4
2026-01-07 11:24:36 info: No new installation or upgrade detected. Skipping plugin activation tracking.
2026-01-11 20:40:58 info: Congratulations, your extension "Embold" is now active!
2026-01-11 20:40:58 info: ************* init ****************
2026-01-11 20:40:58 info: tempDirectory : /home/jarvis/.vscode/extensions/embold-vscode.embold-0.3.4/temp
2026-01-11 20:41:01 info: Extraction complete for source: /home/jarvis/.vscode/extensions/embold-vscode.embold-0.3.4/resources/embold-scanner-archive.zip, destination: /home/jarvis/.vscode/extensions/embold-vscode.embold-0.3.4/temp
2026-01-11 20:41:01 info: Extension installed on machine OS : linux
2026-01-11 20:41:01 info: Loading issues from local database on startup (checkbox unchecked)
2026-01-11 20:41:01 info: Using emboldDBDir: /home/jarvis/Desktop/jarvis/.embold
2026-01-11 20:41:01 error: ERROR checking java version : Error: Command failed: java -version
/bin/sh: 1: java: not found

2026-01-11 20:41:01 info: Java version installed on machine : 
/bin/sh: 1: java: not found

2026-01-11 20:41:01 info: Java installed on machine.
2026-01-11 20:41:01 info: [STARTUP] Processing 0 total issues from database
2026-01-11 20:41:01 info: [STARTUP] Issues sorted by file path
2026-01-11 20:41:01 info: [STARTUP] Complete - Processed: 0, Skipped: 0
2026-01-11 20:41:01 info: Fetched the issues from DB
2026-01-11 20:41:02 info: Embold extension version response:{"hasSupport":false,"version":"0.2.1","changeNotes":"<div> <p>Release Date: 30 Apr, 2025 <br><span>Bug fixes and improvements.</span></p> </div>"}
2026-01-11 20:41:02 info: Current installed embold extension version : 0.3.4
2026-01-11 20:41:02 info: Latest embold extension version on marketplace : 0.2.1
2026-01-11 20:41:02 info: Current extension version: 0.3.4
2026-01-11 20:41:02 info: Stored extension version: 0.3.4
2026-01-11 20:41:02 info: No new installation or upgrade detected. Skipping plugin activation tracking.
2026-01-12 13:22:50 info: Congratulations, your extension "Embold" is now active!
2026-01-12 13:22:50 info: ************* init ****************
2026-01-12 13:22:50 info: tempDirectory : /home/jarvis/.vscode/extensions/embold-vscode.embold-0.3.4/temp
2026-01-12 13:22:52 info: Extraction complete for source: /home/jarvis/.vscode/extensions/embold-vscode.embold-0.3.4/resources/embold-scanner-archive.zip, destination: /home/jarvis/.vscode/extensions/embold-vscode.embold-0.3.4/temp
2026-01-12 13:22:52 info: Extension installed on machine OS : linux
2026-01-12 13:22:52 info: Loading issues from local database on startup (checkbox unchecked)
2026-01-12 13:22:52 info: Using emboldDBDir: /home/jarvis/Desktop/jarvis/.embold
2026-01-12 13:22:52 error: ERROR checking java version : Error: Command failed: java -version
/bin/sh: 1: java: not found

2026-01-12 13:22:52 info: Java version installed on machine : 
/bin/sh: 1: java: not found

2026-01-12 13:22:52 info: Java installed on machine.
2026-01-12 13:22:52 info: [STARTUP] Processing 0 total issues from database
2026-01-12 13:22:52 info: [STARTUP] Issues sorted by file path
2026-01-12 13:22:52 info: [STARTUP] Complete - Processed: 0, Skipped: 0
2026-01-12 13:22:52 info: Fetched the issues from DB
2026-01-12 13:22:54 info: Embold extension version response:{"hasSupport":false,"version":"0.2.1","changeNotes":"<div> <p>Release Date: 30 Apr, 2025 <br><span>Bug fixes and improvements.</span></p> </div>"}
2026-01-12 13:22:54 info: Current installed embold extension version : 0.3.4
2026-01-12 13:22:54 info: Latest embold extension version on marketplace : 0.2.1
2026-01-12 13:22:54 info: Current extension version: 0.3.4
2026-01-12 13:22:54 info: Stored extension version: 0.3.4
2026-01-12 13:22:54 info: No new installation or upgrade detected. Skipping plugin activation tracking.
2026-01-14 10:09:41 info: Congratulations, your extension "Embold" is now active!
2026-01-14 10:09:41 info: ************* init ****************
2026-01-14 10:09:41 info: tempDirectory : /home/jarvis/.vscode/extensions/embold-vscode.embold-0.3.4/temp
2026-01-14 10:09:44 info: Extraction complete for source: /home/jarvis/.vscode/extensions/embold-vscode.embold-0.3.4/resources/embold-scanner-archive.zip, destination: /home/jarvis/.vscode/extensions/embold-vscode.embold-0.3.4/temp
2026-01-14 10:09:44 info: Extension installed on machine OS : linux
2026-01-14 10:09:44 info: Loading issues from local database on startup (checkbox unchecked)
2026-01-14 10:09:44 info: Using emboldDBDir: /home/jarvis/Desktop/jarvis/.embold
2026-01-14 10:09:44 error: ERROR checking java version : Error: Command failed: java -version
/bin/sh: 1: java: not found

2026-01-14 10:09:44 info: Java version installed on machine : 
/bin/sh: 1: java: not found

2026-01-14 10:09:44 info: Java installed on machine.
2026-01-14 10:09:44 info: [STARTUP] Processing 0 total issues from database
2026-01-14 10:09:44 info: [STARTUP] Issues sorted by file path
2026-01-14 10:09:44 info: [STARTUP] Complete - Processed: 0, Skipped: 0
2026-01-14 10:09:44 info: Fetched the issues from DB
2026-01-14 10:09:45 info: Embold extension version response:{"hasSupport":false,"version":"0.2.1","changeNotes":"<div> <p>Release Date: 30 Apr, 2025 <br><span>Bug fixes and improvements.</span></p> </div>"}
2026-01-14 10:09:45 info: Current installed embold extension version : 0.3.4
2026-01-14 10:09:45 info: Latest embold extension version on marketplace : 0.2.1
2026-01-14 10:09:45 info: Current extension version: 0.3.4
2026-01-14 10:09:45 info: Stored extension version: 0.3.4
2026-01-14 10:09:45 info: No new installation or upgrade detected. Skipping plugin activation tracking.
2026-01-14 10:29:39 info: Congratulations, your extension "Embold" is now active!
2026-01-14 10:29:39 info: ************* init ****************
2026-01-14 10:29:39 info: tempDirectory : /home/jarvis/.vscode/extensions/embold-vscode.embold-0.3.4/temp
2026-01-14 10:29:41 info: Extraction complete for source: /home/jarvis/.vscode/extensions/embold-vscode.embold-0.3.4/resources/embold-scanner-archive.zip, destination: /home/jarvis/.vscode/extensions/embold-vscode.embold-0.3.4/temp
2026-01-14 10:29:41 info: Extension installed on machine OS : linux
2026-01-14 10:29:41 info: Loading issues from local database on startup (checkbox unchecked)
2026-01-14 10:29:41 info: Using emboldDBDir: /home/jarvis/Desktop/jarvis/.embold
2026-01-14 10:29:41 error: ERROR checking java version : Error: Command failed: java -version
/bin/sh: 1: java: not found

2026-01-14 10:29:41 info: Java version installed on machine : 
/bin/sh: 1: java: not found

2026-01-14 10:29:41 info: Java installed on machine.
2026-01-14 10:29:41 info: [STARTUP] Processing 0 total issues from database
2026-01-14 10:29:41 info: [STARTUP] Issues sorted by file path
2026-01-14 10:29:41 info: [STARTUP] Complete - Processed: 0, Skipped: 0
2026-01-14 10:29:41 info: Fetched the issues from DB
2026-01-14 10:29:42 info: Embold extension version response:{"hasSupport":false,"version":"0.2.1","changeNotes":"<div> <p>Release Date: 30 Apr, 2025 <br><span>Bug fixes and improvements.</span></p> </div>"}
2026-01-14 10:29:42 info: Current installed embold extension version : 0.3.4
2026-01-14 10:29:42 info: Latest embold extension version on marketplace : 0.2.1
2026-01-14 10:29:42 info: Current extension version: 0.3.4
2026-01-14 10:29:42 info: Stored extension version: 0.3.4
2026-01-14 10:29:42 info: No new installation or upgrade detected. Skipping plugin activation tracking.
